<?xml version="1.0" encoding="UTF-8"?>
<!-- Generated by org.testng.reporters.JUnitReportReporter -->
<testsuite hostname="KTLPT1386" failures="0" tests="24" name="APITestCase.ManageLead" time="11.259" errors="1" timestamp="2024-10-03T11:52:21 IST" skipped="2">
  <testcase classname="APITestCase.ManageLead" name="GetLeads" time="0.000">
    <skipped/>
  </testcase> <!-- GetLeads -->
  <testcase classname="APITestCase.ManageLead" name="UpdateLeadStage" time="0.000">
    <skipped/>
  </testcase> <!-- UpdateLeadStage -->
  <testcase classname="APITestCase.ManageLead" name="GetLeadActivity" time="0.111"/>
  <testcase classname="APITestCase.ManageLead" name="GetTaskByLeadId" time="0.129"/>
  <testcase classname="APITestCase.ManageLead" name="RescheduleTask" time="0.336"/>
  <testcase classname="APITestCase.ManageLead" name="MarkTaskAsCompleted" time="0.133"/>
  <testcase classname="APITestCase.ManageLead" name="GetLeadTask" time="0.174"/>
  <testcase classname="APITestCase.ManageLead" name="GetLeadStage" time="0.125"/>
  <testcase classname="APITestCase.ManageLead" name="AddLeadActivity" time="1.271"/>
  <testcase classname="APITestCase.ManageLead" name="GetLeadOwner" time="0.178"/>
  <testcase classname="APITestCase.ManageLead" name="GetLeadDetails" time="0.141"/>
  <testcase classname="APITestCase.ManageLead" name="UploadLeadAttachment" time="0.346"/>
  <testcase classname="APITestCase.ManageLead" name="AddLead" time="0.488">
    <error message="Cannot invoke &quot;java.lang.Integer.intValue()&quot; because the return value of &quot;io.restassured.path.json.JsonPath.get(String)&quot; is null" type="java.lang.NullPointerException">
      <![CDATA[java.lang.NullPointerException: Cannot invoke "java.lang.Integer.intValue()" because the return value of "io.restassured.path.json.JsonPath.get(String)" is null
at APITestCase.ManageLead.AddLead(ManageLead.java:101)
at java.base/jdk.internal.reflect.NativeMethodAccessorImpl.invoke0(Native Method)
at java.base/jdk.internal.reflect.NativeMethodAccessorImpl.invoke(NativeMethodAccessorImpl.java:77)
at java.base/jdk.internal.reflect.DelegatingMethodAccessorImpl.invoke(DelegatingMethodAccessorImpl.java:43)
at java.base/java.lang.reflect.Method.invoke(Method.java:568)
at org.testng.internal.invokers.MethodInvocationHelper.invokeMethod(MethodInvocationHelper.java:141)
at org.testng.internal.invokers.TestInvoker.invokeMethod(TestInvoker.java:686)
at org.testng.internal.invokers.TestInvoker.invokeTestMethod(TestInvoker.java:230)
at org.testng.internal.invokers.MethodRunner.runInSequence(MethodRunner.java:63)
at org.testng.internal.invokers.TestInvoker$MethodInvocationAgent.invoke(TestInvoker.java:992)
at org.testng.internal.invokers.TestInvoker.invokeTestMethods(TestInvoker.java:203)
at org.testng.internal.invokers.TestMethodWorker.invokeTestMethods(TestMethodWorker.java:154)
at org.testng.internal.invokers.TestMethodWorker.run(TestMethodWorker.java:134)
at java.base/java.util.ArrayList.forEach(ArrayList.java:1511)
at org.testng.TestRunner.privateRun(TestRunner.java:739)
at org.testng.TestRunner.run(TestRunner.java:614)
at org.testng.SuiteRunner.runTest(SuiteRunner.java:421)
at org.testng.SuiteRunner.runSequentially(SuiteRunner.java:413)
at org.testng.SuiteRunner.privateRun(SuiteRunner.java:373)
at org.testng.SuiteRunner.run(SuiteRunner.java:312)
at org.testng.SuiteRunnerWorker.runSuite(SuiteRunnerWorker.java:52)
at org.testng.SuiteRunnerWorker.run(SuiteRunnerWorker.java:95)
at org.testng.TestNG.runSuitesSequentially(TestNG.java:1274)
at org.testng.TestNG.runSuitesLocally(TestNG.java:1208)
at org.testng.TestNG.runSuites(TestNG.java:1112)
at org.testng.TestNG.run(TestNG.java:1079)
at org.apache.maven.surefire.testng.TestNGExecutor.run(TestNGExecutor.java:283)
at org.apache.maven.surefire.testng.TestNGXmlTestSuite.execute(TestNGXmlTestSuite.java:75)
at org.apache.maven.surefire.testng.TestNGProvider.invoke(TestNGProvider.java:120)
at org.apache.maven.surefire.booter.ForkedBooter.invokeProviderInSameClassLoader(ForkedBooter.java:384)
at org.apache.maven.surefire.booter.ForkedBooter.runSuitesInProcess(ForkedBooter.java:345)
at org.apache.maven.surefire.booter.ForkedBooter.execute(ForkedBooter.java:126)
at org.apache.maven.surefire.booter.ForkedBooter.main(ForkedBooter.java:418)
]]>
    </error>
  </testcase> <!-- AddLead -->
  <testcase classname="APITestCase.ManageLead" name="UpdateLead" time="1.309"/>
  <testcase classname="APITestCase.ManageLead" name="GetStates" time="0.113"/>
  <testcase classname="APITestCase.ManageLead" name="GetCity" time="0.109"/>
  <testcase classname="APITestCase.ManageLead" name="ExportLeads" time="2.601"/>
  <testcase classname="APITestCase.ManageLead" name="AddTaskForLead" time="0.175"/>
  <testcase classname="APITestCase.ManageLead" name="GetRequirement" time="0.118"/>
  <testcase classname="APITestCase.ManageLead" name="GetLeadHistory" time="0.159"/>
  <testcase classname="APITestCase.ManageLead" name="CheckLeadNumbers" time="0.179"/>
  <testcase classname="APITestCase.ManageLead" name="DeleteAttachment" time="0.135"/>
  <testcase classname="APITestCase.ManageLead" name="addUserAndVerifyInGetAllLeads" time="2.705"/>
  <testcase classname="APITestCase.ManageLead" name="MarkLeadAsStar" time="0.224"/>
</testsuite> <!-- APITestCase.ManageLead -->
