<?xml version="1.0" encoding="UTF-8"?>
<!-- Generated by org.testng.reporters.JUnitXMLReporter -->
<testsuite ignored="0" hostname="KTLPT1386" failures="3" tests="130" name="Test" time="55.102" errors="0" timestamp="2024-10-01T10:33:17 IST">
  <testcase classname="APITestCase.ManageInventory" name="@AfterClass close" time="0.002">
    <failure type="java.lang.AssertionError" message="expected [200] but found [403]">
      <![CDATA[java.lang.AssertionError: expected [200] but found [403]
at APITestCase.ManageInventory.close(ManageInventory.java:46)
at java.base/java.util.ArrayList.forEach(ArrayList.java:1511)
... Removed 31 stack frames]]>
    </failure>
  </testcase> <!-- @AfterClass close -->
  <testcase classname="APITestCase.Login" name="LoginWithOtp" time="1.834"/>
  <testcase classname="APITestCase.Login" name="LoginWithPassword" time="0.435"/>
  <testcase classname="APITestCase.Login" name="Logout" time="0.163"/>
  <testcase classname="APITestCase.Login" name="OtpVerification" time="0.193"/>
  <testcase classname="APITestCase.Login" name="ResetPassword" time="0.195"/>
  <testcase classname="APITestCase.Login" name="TestResetPassword" time="0.194"/>
  <testcase classname="APITestCase.Login" name="UserProfile" time="0.147"/>
  <testcase classname="APITestCase.ManageUser" name="AddUser" time="0.227">
    <failure type="java.lang.AssertionError" message="1 expectation failed.
JSON path message doesn&amp;apos;t match.
Expected: User Added Successfully
  Actual: Phone number must be a 10-digit number
">
      <![CDATA[java.lang.AssertionError: 1 expectation failed.
JSON path message doesn't match.
Expected: User Added Successfully
  Actual: Phone number must be a 10-digit number

at org.codehaus.groovy.runtime.callsite.ConstructorSite$ConstructorSiteNoUnwrapNoCoerce.callConstructor(ConstructorSite.java:108)
at org.codehaus.groovy.runtime.callsite.CallSiteArray.defaultCallConstructor(CallSiteArray.java:57)
at org.codehaus.groovy.runtime.callsite.AbstractCallSite.callConstructor(AbstractCallSite.java:263)
at org.codehaus.groovy.runtime.callsite.AbstractCallSite.callConstructor(AbstractCallSite.java:277)
at io.restassured.internal.ResponseSpecificationImpl$HamcrestAssertionClosure.validate(ResponseSpecificationImpl.groovy:512)
at io.restassured.internal.ResponseSpecificationImpl$HamcrestAssertionClosure$validate$1.call(Unknown Source)
at io.restassured.internal.ResponseSpecificationImpl.validateResponseIfRequired(ResponseSpecificationImpl.groovy:696)
at io.restassured.internal.ResponseSpecificationImpl.this$2$validateResponseIfRequired(ResponseSpecificationImpl.groovy)
at org.codehaus.groovy.runtime.callsite.PlainObjectMetaMethodSite.doInvoke(PlainObjectMetaMethodSite.java:43)
at org.codehaus.groovy.runtime.callsite.PogoMetaMethodSite$PogoCachedMethodSiteNoUnwrapNoCoerce.invoke(PogoMetaMethodSite.java:198)
at org.codehaus.groovy.runtime.callsite.PogoMetaMethodSite.callCurrent(PogoMetaMethodSite.java:62)
at org.codehaus.groovy.runtime.callsite.AbstractCallSite.callCurrent(AbstractCallSite.java:185)
at io.restassured.internal.ResponseSpecificationImpl.body(ResponseSpecificationImpl.groovy:270)
at io.restassured.specification.ResponseSpecification$body$1.callCurrent(Unknown Source)
at io.restassured.internal.ResponseSpecificationImpl.body(ResponseSpecificationImpl.groovy:117)
at io.restassured.internal.ValidatableResponseOptionsImpl.body(ValidatableResponseOptionsImpl.java:244)
at APITestCase.ManageUser.AddUser(ManageUser.java:76)
at java.base/java.util.ArrayList.forEach(ArrayList.java:1511)
... Removed 37 stack frames]]>
    </failure>
  </testcase> <!-- AddUser -->
  <testcase classname="APITestCase.ManageUser" name="ExportUser" time="0.987"/>
  <testcase classname="APITestCase.ManageUser" name="GetBranches" time="0.233"/>
  <testcase classname="APITestCase.ManageUser" name="GetUser" time="0.619"/>
  <testcase classname="APITestCase.ManageUser" name="GetVendorCompany" time="0.184"/>
  <testcase classname="APITestCase.ManageUser" name="ResendPassword" time="0.519"/>
  <testcase classname="APITestCase.ManageUser" name="ResetPassword" time="0.174"/>
  <testcase classname="APITestCase.ManageUser" name="RoleList" time="1.253"/>
  <testcase classname="APITestCase.ManageUser" name="UpdateUser" time="0.2"/>
  <testcase classname="APITestCase.ManageUser" name="UpdateUserStatus" time="0.197"/>
  <testcase classname="APITestCase.ManageUser" name="UploadUserProfileImage" time="0.321"/>
  <testcase classname="APITestCase.ManageUser" name="UsersCount" time="0.639"/>
  <testcase classname="APITestCase.ManageLead" name="AddLead" time="0.758"/>
  <testcase classname="APITestCase.ManageLead" name="AddLeadActivity" time="0.176"/>
  <testcase classname="APITestCase.ManageLead" name="AddTaskForLead" time="0.167"/>
  <testcase classname="APITestCase.ManageLead" name="CheckLeadNumbers" time="0.127"/>
  <testcase classname="APITestCase.ManageLead" name="DeleteAttachment" time="0.122"/>
  <testcase classname="APITestCase.ManageLead" name="ExportLeads" time="2.512"/>
  <testcase classname="APITestCase.ManageLead" name="GetCity" time="0.143"/>
  <testcase classname="APITestCase.ManageLead" name="GetLeadActivity" time="0.107"/>
  <testcase classname="APITestCase.ManageLead" name="GetLeadDetails" time="0.193"/>
  <testcase classname="APITestCase.ManageLead" name="GetLeadHistory" time="1.173"/>
  <testcase classname="APITestCase.ManageLead" name="GetLeadOwner" time="0.175"/>
  <testcase classname="APITestCase.ManageLead" name="GetLeadStage" time="1.109"/>
  <testcase classname="APITestCase.ManageLead" name="GetLeadTask" time="0.182"/>
  <testcase classname="APITestCase.ManageLead" name="GetRequirement" time="0.107"/>
  <testcase classname="APITestCase.ManageLead" name="GetStates" time="0.163"/>
  <testcase classname="APITestCase.ManageLead" name="GetTaskByLeadId" time="0.18"/>
  <testcase classname="APITestCase.ManageLead" name="MarkLeadAsStar" time="0.166"/>
  <testcase classname="APITestCase.ManageLead" name="MarkTaskAsCompleted" time="0.163"/>
  <testcase classname="APITestCase.ManageLead" name="RescheduleTask" time="0.171"/>
  <testcase classname="APITestCase.ManageLead" name="UpdateLead" time="0.362"/>
  <testcase classname="APITestCase.ManageLead" name="UpdateLeadStage" time="0.361"/>
  <testcase classname="APITestCase.ManageLead" name="UploadLeadAttachment" time="0.219"/>
  <testcase classname="APITestCase.ManageLead" name="GetLeads" time="2.451"/>
  <testcase classname="APITestCase.ManageInventory" name="AddInventory" time="0.302"/>
  <testcase classname="APITestCase.ManageInventory" name="AddProductImage" time="0.523"/>
  <testcase classname="APITestCase.ManageInventory" name="DeleteImage" time="0.123"/>
  <testcase classname="APITestCase.ManageInventory" name="GetProductDetails" time="0.17"/>
  <testcase classname="APITestCase.ManageInventory" name="GetInventory" time="0.266"/>
  <testcase classname="APITestCase.ManageInventory" name="UpdateProduct" time="0.154"/>
  <testcase classname="APITestCase.ManageQuotation" name="AddLead" time="0.359"/>
  <testcase classname="APITestCase.ManageQuotation" name="AddBillingAddress" time="0.166"/>
  <testcase classname="APITestCase.ManageQuotation" name="AddQuotation" time="0.211"/>
  <testcase classname="APITestCase.ManageQuotation" name="AddShippingAddress" time="0.22"/>
  <testcase classname="APITestCase.ManageQuotation" name="ConvertToOrder" time="0.713"/>
  <testcase classname="APITestCase.ManageQuotation" name="DeleteQuotation" time="0.129"/>
  <testcase classname="APITestCase.ManageQuotation" name="DownloadQuotation" time="3.308"/>
  <testcase classname="APITestCase.ManageQuotation" name="ExportQuotation" time="0.305"/>
  <testcase classname="APITestCase.ManageQuotation" name="GetQuotation" time="0.184"/>
  <testcase classname="APITestCase.ManageQuotation" name="QuotationDetail" time="0.172"/>
  <testcase classname="APITestCase.ManageQuotation" name="RecheckStock" time="1.531"/>
  <testcase classname="APITestCase.ManageQuotation" name="UpdateBillingAddress" time="0.25"/>
  <testcase classname="APITestCase.ManageQuotation" name="UpdateQuotation" time="0.211"/>
  <testcase classname="APITestCase.ManageQuotation" name="UpdateShippingAddress" time="0.168"/>
  <testcase classname="APITestCase.ManageProfile" name="testChangePassword" time="0.18"/>
  <testcase classname="APITestCase.ManageProfile" name="testGetUserProfile" time="0.158"/>
  <testcase classname="APITestCase.ManageProfile" name="testRemoveProfileImage" time="0.168"/>
  <testcase classname="APITestCase.ManageProfile" name="testUpdateUserProfile" time="0.177"/>
  <testcase classname="APITestCase.ManageProfile" name="testUploadProfileImage" time="0.25"/>
  <testcase classname="APITestCase.RolesAndPermissions" name="RoleList" time="0.185"/>
  <testcase classname="APITestCase.RolesAndPermissions" name="createRole" time="0.156"/>
  <testcase classname="APITestCase.RolesAndPermissions" name="deleteRole" time="0.144"/>
  <testcase classname="APITestCase.RolesAndPermissions" name="editRole" time="0.169"/>
  <testcase classname="APITestCase.RolesAndPermissions" name="editRoleName" time="0.152"/>
  <testcase classname="APITestCase.RolesAndPermissions" name="getRoleDetail" time="0.138"/>
  <testcase classname="APITestCase.RolesAndPermissions" name="getRoles" time="0.11"/>
  <testcase classname="APITestCase.Dashboard" name="ExportLeadConversionReport" time="0.257"/>
  <testcase classname="APITestCase.Dashboard" name="ExportLeadGenerationSources" time="0.233"/>
  <testcase classname="APITestCase.Dashboard" name="ExportLeadOverDueTask" time="0.297"/>
  <testcase classname="APITestCase.Dashboard" name="ExportNotYetConvertedQuotation" time="0.267"/>
  <testcase classname="APITestCase.Dashboard" name="ExportQuotationAnalytics" time="0.251"/>
  <testcase classname="APITestCase.Dashboard" name="ExportSalesExecutiveQuotationAnalytics" time="0.245"/>
  <testcase classname="APITestCase.Dashboard" name="ExportVendorPoorResponse" time="0.251"/>
  <testcase classname="APITestCase.Dashboard" name="ExportVendorQuickResponse" time="0.247"/>
  <testcase classname="APITestCase.Dashboard" name="ExportVendorStrikeRate" time="0.259"/>
  <testcase classname="APITestCase.Dashboard" name="GetDashboardData" time="0.143"/>
  <testcase classname="APITestCase.Dashboard" name="GetLeadAnalaytics" time="0.135"/>
  <testcase classname="APITestCase.Dashboard" name="GetOverDueTask" time="0.151"/>
  <testcase classname="APITestCase.Dashboard" name="GetQuotationAnalytics" time="0.131"/>
  <testcase classname="APITestCase.Dashboard" name="LeadConversionReport" time="0.165"/>
  <testcase classname="APITestCase.Dashboard" name="StockCheckAnalytics" time="0.171"/>
  <testcase classname="APITestCase.ManageInquiry" name="ExportInquiry" time="0.344"/>
  <testcase classname="APITestCase.ManageInquiry" name="GetVendorInquiry" time="0.214"/>
  <testcase classname="APITestCase.ManageInquiry" name="UpdateInquiryStatus" time="0.225"/>
  <testcase classname="MSNagile.Login" name="ForgotPassword" time="4.835"/>
  <testcase classname="MSNagile.Login" name="Login" time="0.327"/>
  <testcase classname="MSNagile.Login" name="EmailVerification" time="0.136"/>
  <testcase classname="MSNagile.Login" name="GetProfile" time="0.202"/>
  <testcase classname="MSNagile.Login" name="Logout" time="0.136"/>
  <testcase classname="MSNagile.Login" name="RefreshToken" time="0.161"/>
  <testcase classname="MSNagile.Login" name="Registration" time="0.155">
    <failure type="java.lang.AssertionError" message="1 expectation failed.
JSON path message doesn&amp;apos;t match.
Expected: Account created successfully, Please confirm the account by clicking the link we&amp;apos;ve just emailed you.
  Actual: Sub Domain in URL should contain alphanumeric and hyphen only
">
      <![CDATA[java.lang.AssertionError: 1 expectation failed.
JSON path message doesn't match.
Expected: Account created successfully, Please confirm the account by clicking the link we've just emailed you.
  Actual: Sub Domain in URL should contain alphanumeric and hyphen only

at org.codehaus.groovy.runtime.callsite.ConstructorSite$ConstructorSiteNoUnwrapNoCoerce.callConstructor(ConstructorSite.java:108)
at org.codehaus.groovy.runtime.callsite.AbstractCallSite.callConstructor(AbstractCallSite.java:277)
at io.restassured.internal.ResponseSpecificationImpl$HamcrestAssertionClosure.validate(ResponseSpecificationImpl.groovy:512)
at io.restassured.internal.ResponseSpecificationImpl$HamcrestAssertionClosure$validate$1.call(Unknown Source)
at io.restassured.internal.ResponseSpecificationImpl.validateResponseIfRequired(ResponseSpecificationImpl.groovy:696)
at io.restassured.internal.ResponseSpecificationImpl.this$2$validateResponseIfRequired(ResponseSpecificationImpl.groovy)
at org.codehaus.groovy.runtime.callsite.PlainObjectMetaMethodSite.doInvoke(PlainObjectMetaMethodSite.java:43)
at org.codehaus.groovy.runtime.callsite.PogoMetaMethodSite$PogoCachedMethodSiteNoUnwrapNoCoerce.invoke(PogoMetaMethodSite.java:198)
at org.codehaus.groovy.runtime.callsite.PogoMetaMethodSite.callCurrent(PogoMetaMethodSite.java:62)
at org.codehaus.groovy.runtime.callsite.AbstractCallSite.callCurrent(AbstractCallSite.java:185)
at io.restassured.internal.ResponseSpecificationImpl.body(ResponseSpecificationImpl.groovy:270)
at io.restassured.specification.ResponseSpecification$body$1.callCurrent(Unknown Source)
at io.restassured.internal.ResponseSpecificationImpl.body(ResponseSpecificationImpl.groovy:117)
at io.restassured.internal.ValidatableResponseOptionsImpl.body(ValidatableResponseOptionsImpl.java:244)
at MSNagile.Login.Registration(Login.java:88)
at java.base/java.util.ArrayList.forEach(ArrayList.java:1511)
... Removed 36 stack frames]]>
    </failure>
  </testcase> <!-- Registration -->
  <testcase classname="MSNagile.Login" name="ResetPassword" time="0.13"/>
  <testcase classname="MSNagile.ManageOrganization" name="Login" time="0.286"/>
  <testcase classname="MSNagile.ManageOrganization" name="GetOrgDetail" time="0.142"/>
  <testcase classname="MSNagile.ManageOrganization" name="GetTaxIdTypes" time="0.105"/>
  <testcase classname="MSNagile.ManageOrganization" name="UpdateOrg" time="0.212"/>
  <testcase classname="MSNagile.ManageSubscription" name="Login" time="0.256"/>
  <testcase classname="MSNagile.ManageSubscription" name="GetActivePlan" time="0.142"/>
  <testcase classname="MSNagile.ManageSubscription" name="GetConsumedStorage" time="0.2"/>
  <testcase classname="MSNagile.ManageSubscription" name="GetPaymentHistory" time="0.146"/>
  <testcase classname="MSNagile.ManageSubscription" name="SubscribePlan" time="0.391"/>
  <testcase classname="MSNagile.ManageUsersAndGroups" name="Login" time="0.753"/>
  <testcase classname="MSNagile.ManageUsersAndGroups" name="AssignGroupToUser" time="1.127"/>
  <testcase classname="MSNagile.ManageUsersAndGroups" name="CreateGroup" time="0.417"/>
  <testcase classname="MSNagile.ManageUsersAndGroups" name="DeleteGroup" time="0.129"/>
  <testcase classname="MSNagile.ManageUsersAndGroups" name="GetAllGroups" time="0.143"/>
  <testcase classname="MSNagile.ManageUsersAndGroups" name="GetAllRoles" time="0.176"/>
  <testcase classname="MSNagile.ManageUsersAndGroups" name="GetAllUsers" time="0.136"/>
  <testcase classname="MSNagile.ManageUsersAndGroups" name="GetAllUsersAndDeactivateIfActive" time="0.147"/>
  <testcase classname="MSNagile.ManageUsersAndGroups" name="InviteUser" time="0.399"/>
  <testcase classname="MSNagile.ManageUsersAndGroups" name="UpdateGroup" time="0.47"/>
  <testcase classname="MSNagile.SetupConfiguration" name="Login" time="0.287"/>
  <testcase classname="MSNagile.SetupConfiguration" name="CreateFields" time="0.119"/>
  <testcase classname="MSNagile.SetupConfiguration" name="CreateIssueType" time="0.124"/>
  <testcase classname="MSNagile.SetupConfiguration" name="CreateStatus" time="0.131"/>
  <testcase classname="MSNagile.SetupConfiguration" name="DeleteCustomIssueType" time="0.131">
    <failure type="java.lang.AssertionError" message="1 expectation failed.
JSON path message doesn&amp;apos;t match.
Expected: Successfully
  Actual: Incorrect IssueType id
">
      <![CDATA[java.lang.AssertionError: 1 expectation failed.
JSON path message doesn't match.
Expected: Successfully
  Actual: Incorrect IssueType id

at org.codehaus.groovy.runtime.callsite.ConstructorSite$ConstructorSiteNoUnwrapNoCoerce.callConstructor(ConstructorSite.java:108)
at org.codehaus.groovy.runtime.callsite.AbstractCallSite.callConstructor(AbstractCallSite.java:277)
at io.restassured.internal.ResponseSpecificationImpl$HamcrestAssertionClosure.validate(ResponseSpecificationImpl.groovy:512)
at io.restassured.internal.ResponseSpecificationImpl$HamcrestAssertionClosure$validate$1.call(Unknown Source)
at io.restassured.internal.ResponseSpecificationImpl.validateResponseIfRequired(ResponseSpecificationImpl.groovy:696)
at io.restassured.internal.ResponseSpecificationImpl.this$2$validateResponseIfRequired(ResponseSpecificationImpl.groovy)
at org.codehaus.groovy.runtime.callsite.PlainObjectMetaMethodSite.doInvoke(PlainObjectMetaMethodSite.java:43)
at org.codehaus.groovy.runtime.callsite.PogoMetaMethodSite$PogoCachedMethodSiteNoUnwrapNoCoerce.invoke(PogoMetaMethodSite.java:198)
at org.codehaus.groovy.runtime.callsite.PogoMetaMethodSite.callCurrent(PogoMetaMethodSite.java:62)
at org.codehaus.groovy.runtime.callsite.AbstractCallSite.callCurrent(AbstractCallSite.java:185)
at io.restassured.internal.ResponseSpecificationImpl.body(ResponseSpecificationImpl.groovy:270)
at io.restassured.specification.ResponseSpecification$body$1.callCurrent(Unknown Source)
at io.restassured.internal.ResponseSpecificationImpl.body(ResponseSpecificationImpl.groovy:117)
at io.restassured.internal.ValidatableResponseOptionsImpl.body(ValidatableResponseOptionsImpl.java:244)
at MSNagile.SetupConfiguration.DeleteCustomIssueType(SetupConfiguration.java:185)
at java.base/java.util.ArrayList.forEach(ArrayList.java:1511)
... Removed 36 stack frames]]>
    </failure>
  </testcase> <!-- DeleteCustomIssueType -->
  <testcase classname="MSNagile.SetupConfiguration" name="DeleteStatus" time="1.156"/>
  <testcase classname="MSNagile.SetupConfiguration" name="GetAllStatus" time="0.115"/>
  <testcase classname="MSNagile.SetupConfiguration" name="GetOrgFields" time="0.132"/>
  <testcase classname="MSNagile.SetupConfiguration" name="GetOrgTags" time="0.141"/>
  <testcase classname="MSNagile.SetupConfiguration" name="GetSystemIssueType" time="0.127"/>
  <testcase classname="MSNagile.SetupConfiguration" name="GetSystemWorkflows" time="0.156"/>
</testsuite> <!-- Test -->
